<?xml version="1.0" encoding="UTF-8" standalone="yes" ?>
<test-results name="C:\dev\git\delphi-challenges\TestRunner\Win32\Debug\TestRunner.exe" total="12" errors="0" failures="0" ignored="0" inconclusive="0" not-run="0" skipped="0" invalid="0" date="2020-05-11" time="0.002">
  <culture-info current-culture="en" current-uiculture="en" />
  <test-suite type="Assembly" name="TestRunner.exe" executed="true" result="Success" success="True" time="0.002" asserts="0">
    <results>
        <test-suite type="Namespace" name="Test" executed="true" result="Success" success="True" time="0.002" asserts="0" >
          <results>
              <test-suite type="Fixture" name="TTestEqualSpan" executed="True" result="Success" success="True" time="0.002" >
                <results>
                  <test-case name="TestEqualSpan.0" executed="True" result="Success" success="True" time="0.000" asserts="0" />
                  <test-case name="TestEqualSpan.1" executed="True" result="Success" success="True" time="0.000" asserts="0" />
                  <test-case name="TestEqualSpan.2" executed="True" result="Success" success="True" time="0.000" asserts="0" />
                  <test-case name="TestEqualSpan.3a" executed="True" result="Success" success="True" time="0.000" asserts="0" />
                  <test-case name="TestEqualSpan.3b" executed="True" result="Success" success="True" time="0.000" asserts="0" />
                  <test-case name="TestEqualSpan.3c" executed="True" result="Success" success="True" time="0.000" asserts="0" />
                  <test-case name="TestEqualSpan.3d" executed="True" result="Success" success="True" time="0.000" asserts="0" />
                  <test-case name="TestEqualSpan.4" executed="True" result="Success" success="True" time="0.000" asserts="0" />
                  <test-case name="TestEqualSpan.5" executed="True" result="Success" success="True" time="0.000" asserts="0" />
                  <test-case name="TestEqualSpan.6" executed="True" result="Success" success="True" time="0.000" asserts="0" />
                  <test-case name="TestEqualSpan.7" executed="True" result="Success" success="True" time="0.000" asserts="0" />
                  <test-case name="TestEqualSpan.8" executed="True" result="Success" success="True" time="0.000" asserts="0" />
                </results>
              </test-suite>
          </results>
        </test-suite>
    </results>
  </test-suite>
</test-results>
